<?xml version="1.0" encoding="UTF-8"?>
<!-- Generated by org.testng.reporters.JUnitReportReporter -->
<testsuite hostname="DESKTOP-KF32L3Q" failures="0" tests="2" name="com.Programs.Login_Test" time="46.779" errors="0" timestamp="26 Aug 2019 10:40:27 GMT" skipped="0">
  <testcase classname="com.Programs.Login_Test" name="Login" time="27.624"/>
  <testcase classname="com.Programs.Login_Test" name="Login" time="19.155"/>
</testsuite> <!-- com.Programs.Login_Test -->
